[2022-10-30 10:21:06] [1] [WARN] Reporting disabled: using no op test run registrar
[2022-10-30 10:21:06] [1] [INFO] TEST [project-qa - testFooterMenu] STARTED at [12:21:06 2022-10-30]
[2022-10-30 10:21:07] [1] [INFO] Starting driver session...
[2022-10-30 10:21:21] [1] [INFO] Driver session started.
[2022-10-30 10:21:21] [1] [INFO] INFO: opening url 'https://www.gsmarena.com'
[2022-10-30 10:21:22] [1] [INFO] INFO: url 'https://www.gsmarena.com' is opened.
[2022-10-30 10:22:41] [1] [INFO] PASS: element 'homeButton' is clicked.
[2022-10-30 10:24:06] [1] [INFO] PASS: element 'footerMenuButton[News]' is clicked.
[2022-10-30 10:24:08] [1] [ERROR] FAIL: wrong URL, expected 'https://www.gsmarena.com/' but actual 'https://www.gsmarena.com/news.php3'!
[2022-10-30 10:24:08] [1] [ERROR] FAIL: wrong URL, expected 'https://www.gsmarena.com/' but actual 'https://www.gsmarena.com/news.php3'!
[2022-10-30 10:24:08] [1] [INFO] Navigated back
[2022-10-30 10:24:18] [1] [WARN] Unable to capture screenshot during 6 sec!
[2022-10-30 10:24:18] [1] [INFO] INFO: navigate to previous page performed.
[2022-10-30 10:24:22] [1] [INFO] PASS: element 'footerMenuButton[Reviews]' is clicked.
[2022-10-30 10:24:27] [1] [ERROR] FAIL: wrong URL, expected 'https://www.gsmarena.com/' but actual 'https://www.gsmarena.com/reviews.php3'!
[2022-10-30 10:24:27] [1] [ERROR] FAIL: wrong URL, expected 'https://www.gsmarena.com/' but actual 'https://www.gsmarena.com/reviews.php3'!
[2022-10-30 10:24:27] [1] [INFO] Navigated back
[2022-10-30 10:24:29] [1] [INFO] INFO: navigate to previous page performed.
[2022-10-30 10:24:32] [1] [ERROR] FAIL: element 'footerMenuButton[Compare] (By.xpath: //div[@id='footer']/div[@id='footmenu']/p/a[contains(.,'Compare')])' is not clicked!
[2022-10-30 10:24:40] [1] [ERROR] TEST [project-qa - testFooterMenu] FAILED at [12:24:40 2022-10-30] - element not interactable
  (Session info: chrome=106.0.5249.121)
Build info: version: '3.141.59', revision: 'e82be7d358', time: '2018-11-14T08:17:03'
System info: host: 'WIN-RP7PLBP3FT3', ip: '192.168.0.102', os.name: 'Windows 10', os.arch: 'amd64', os.version: '10.0', java.version: '11.0.15'
Driver info: org.openqa.selenium.remote.RemoteWebDriver
Capabilities {acceptInsecureCerts: true, browserName: chrome, browserVersion: 106.0.5249.121, chrome: {chromedriverVersion: 106.0.5249.61 (511755355844..., userDataDir: C:\Users\User\AppData\Local...}, goog:chromeOptions: {debuggerAddress: localhost:52587}, javascriptEnabled: true, networkConnectionEnabled: false, pageLoadStrategy: normal, platform: WINDOWS, platformName: WINDOWS, proxy: Proxy(), se:cdp: ws://192.168.0.102:4444/ses..., se:cdpVersion: 106.0.5249.121, setWindowRect: true, strictFileInteractability: false, timeouts: {implicit: 0, pageLoad: 300000, script: 30000}, unhandledPromptBehavior: dismiss and notify, webauthn:extension:credBlob: true, webauthn:extension:largeBlob: true, webauthn:virtualAuthenticators: true}
Session ID: 6f8d334c915ca4e59d1f6ff545ad0e01

java.base/jdk.internal.reflect.NativeConstructorAccessorImpl.newInstance0(Native Method)
java.base/jdk.internal.reflect.NativeConstructorAccessorImpl.newInstance(NativeConstructorAccessorImpl.java:62)
java.base/jdk.internal.reflect.DelegatingConstructorAccessorImpl.newInstance(DelegatingConstructorAccessorImpl.java:45)
java.base/java.lang.reflect.Constructor.newInstance(Constructor.java:490)
org.openqa.selenium.remote.http.W3CHttpResponseCodec.createException(W3CHttpResponseCodec.java:187)
org.openqa.selenium.remote.http.W3CHttpResponseCodec.decode(W3CHttpResponseCodec.java:122)
org.openqa.selenium.remote.http.W3CHttpResponseCodec.decode(W3CHttpResponseCodec.java:49)
org.openqa.selenium.remote.HttpCommandExecutor.execute(HttpCommandExecutor.java:158)
com.qaprosoft.carina.core.foundation.webdriver.listener.EventFiringSeleniumCommandExecutor.execute(EventFiringSeleniumCommandExecutor.java:51)
org.openqa.selenium.remote.RemoteWebDriver.execute(RemoteWebDriver.java:552)
org.openqa.selenium.remote.RemoteWebElement.execute(RemoteWebElement.java:285)
org.openqa.selenium.remote.RemoteWebElement.click(RemoteWebElement.java:84)
java.base/jdk.internal.reflect.NativeMethodAccessorImpl.invoke0(Native Method)
java.base/jdk.internal.reflect.NativeMethodAccessorImpl.invoke(NativeMethodAccessorImpl.java:62)
java.base/jdk.internal.reflect.DelegatingMethodAccessorImpl.invoke(DelegatingMethodAccessorImpl.java:43)
java.base/java.lang.reflect.Method.invoke(Method.java:566)
org.openqa.selenium.support.events.EventFiringWebDriver$EventFiringWebElement.lambda$new$0(EventFiringWebDriver.java:404)
com.sun.proxy.$Proxy38.click(Unknown Source)
org.openqa.selenium.support.events.EventFiringWebDriver$EventFiringWebElement.click(EventFiringWebDriver.java:417)
com.qaprosoft.carina.core.foundation.webdriver.decorator.ExtendedWebElement$1.doClick(ExtendedWebElement.java:1459)
com.qaprosoft.carina.core.foundation.webdriver.decorator.ExtendedWebElement.executeAction(ExtendedWebElement.java:1324)
com.qaprosoft.carina.core.foundation.webdriver.decorator.ExtendedWebElement.overrideAction(ExtendedWebElement.java:1453)
com.qaprosoft.carina.core.foundation.webdriver.decorator.ExtendedWebElement.doAction(ExtendedWebElement.java:1445)
com.qaprosoft.carina.core.foundation.webdriver.decorator.ExtendedWebElement.doAction(ExtendedWebElement.java:1414)
com.qaprosoft.carina.core.foundation.webdriver.decorator.ExtendedWebElement.click(ExtendedWebElement.java:520)
com.qaprosoft.carina.core.foundation.webdriver.decorator.ExtendedWebElement.click(ExtendedWebElement.java:509)
com.qaprosoft.carina.core.foundation.webdriver.decorator.ExtendedWebElement.click(ExtendedWebElement.java:500)
com.solvd.carina.demo.gui.components.FooterMenu.clickFooterMenuButton(FooterMenu.java:32)
com.solvd.carina.demo.my_test_cases.FooterMenuTestCases.testFooterMenu(FooterMenuTestCases.java:35)
java.base/jdk.internal.reflect.NativeMethodAccessorImpl.invoke0(Native Method)
java.base/jdk.internal.reflect.NativeMethodAccessorImpl.invoke(NativeMethodAccessorImpl.java:62)
java.base/jdk.internal.reflect.DelegatingMethodAccessorImpl.invoke(DelegatingMethodAccessorImpl.java:43)
java.base/java.lang.reflect.Method.invoke(Method.java:566)
org.testng.internal.invokers.MethodInvocationHelper.invokeMethod(MethodInvocationHelper.java:135)
org.testng.internal.invokers.TestInvoker.invokeMethod(TestInvoker.java:673)
org.testng.internal.invokers.TestInvoker.invokeTestMethod(TestInvoker.java:220)
org.testng.internal.invokers.MethodRunner.runInSequence(MethodRunner.java:50)
org.testng.internal.invokers.TestInvoker$MethodInvocationAgent.invoke(TestInvoker.java:945)
org.testng.internal.invokers.TestInvoker.invokeTestMethods(TestInvoker.java:193)
org.testng.internal.invokers.TestMethodWorker.invokeTestMethods(TestMethodWorker.java:146)
org.testng.internal.invokers.TestMethodWorker.run(TestMethodWorker.java:128)
java.base/java.util.ArrayList.forEach(ArrayList.java:1541)
org.testng.TestRunner.privateRun(TestRunner.java:808)
org.testng.TestRunner.run(TestRunner.java:603)
org.testng.SuiteRunner.runTest(SuiteRunner.java:429)
org.testng.SuiteRunner.runSequentially(SuiteRunner.java:423)
org.testng.SuiteRunner.privateRun(SuiteRunner.java:383)
org.testng.SuiteRunner.run(SuiteRunner.java:326)
org.testng.SuiteRunnerWorker.runSuite(SuiteRunnerWorker.java:52)
org.testng.SuiteRunnerWorker.run(SuiteRunnerWorker.java:95)
org.testng.TestNG.runSuitesSequentially(TestNG.java:1249)
org.testng.TestNG.runSuitesLocally(TestNG.java:1169)
org.testng.TestNG.runSuites(TestNG.java:1092)
org.testng.TestNG.run(TestNG.java:1060)
com.intellij.rt.testng.IDEARemoteTestNG.run(IDEARemoteTestNG.java:66)
com.intellij.rt.testng.RemoteTestNGStarter.main(RemoteTestNGStarter.java:109)
