<div id='container' style='width: 98%; padding: 10px; margin: 0; background: #EBEBE0; color: #717171; font-family: Calibri;'><div id='summary'><h2 align='center' style='background-color: gray; color: white; padding: 10px; margin: 0;'>FAILED: Surefire suite () - DEMO ( chrome)</h2><br><h2 style='clear: both; margin: 0;'>Summary:</h2><hr/><table style='width: 1000px;'><tr><td style='width: 100px;'>Environment:</td><td>DEMO - <a href='https://www.gsmarena.com'>https://www.gsmarena.com</a></td></tr><tr><td>Version:</td><td></td></tr><tr><td>Browser:</td><td>chrome</td></tr><tr><td>Finished:</td><td>21:27:09 2022-11-01</td></tr><tr class='pass' style='color: #66C266;'><td>Passed: </td><td>0</td></tr><tr class='fail' style='color: #FF5C33;'><td>Failed:</td><td>7</td></tr><tr class='skip' style='color: #FFD700;'><td>Skipped:</td><td>0</td></tr><tr><td>Success rate:</td><td>0%</td></tr></table></div><br><br><div id='results'><h2 style='margin: 0;'>Test results:</h2><hr/><table cellspacing='0' cellpadding='0' style='width: 100%;'><tr><th width='10%' align='center'>Result</th><th width='75%'>Test name</th><th width='10%'>Test files</th></tr><tr><td colspan='4' class='package' style='background: gray; border-style: solid; border-width: 1px; border-color: white; padding: 5px; color: white;'>com.solvd.carina.demo.my_test_cases</td></tr><tr class='fail' style='background: #FF5C33;'><td align='center' style='border-style: solid; border-width: 1px; border-color: white; padding: 5px; color: white;'>FAILED</td><td style='border-style: solid; border-width: 1px; border-color: white; padding: 5px; color: white;'><span>Surefire test - testNegativeLogIn [L01]</span><div style="background:#ffcccc; color: black; padding: 5px; margin: 2px 0px 2px 0px;">expected [????????? ?? ????.] but found [???????? ?? ????.]<br/><br/>org.testng.Assert.fail(Assert.java:110)<br/>org.testng.Assert.failNotEquals(Assert.java:1413)<br/>org.testng.Assert.assertEqualsImpl(Assert.java:149)<br/>org.testng.Assert.assertEquals(Assert.java:131)<br/>org.testng.Assert.assertEquals(Assert.java:655)<br/>org.testng.Assert.assertEquals(Assert.java:665)<br/>com.solvd.carina.demo.my_test_cases.LogInTestCases.testNegativeLogIn(LogInTestCases.java:102)<br/>java.base/jdk.internal.reflect.NativeMethodAccessorImpl.invoke0(Native Method)<br/>java.base/jdk.internal.reflect.NativeMethodAccessorImpl.invoke(NativeMethodAccessorImpl.java:62)<br/>java.base/jdk.internal.reflect.DelegatingMethodAccessorImpl.invoke(DelegatingMethodAccessorImpl.java:43)<br/>java.base/java.lang.reflect.Method.invoke(Method.java:566)<br/>org.testng.internal.invokers.MethodInvocationHelper.invokeMethod(MethodInvocationHelper.java:135)<br/>org.testng.internal.invokers.TestInvoker.invokeMethod(TestInvoker.java:673)<br/>org.testng.internal.invokers.TestInvoker.invokeTestMethod(TestInvoker.java:220)<br/>org.testng.internal.invokers.MethodRunner.runInSequence(MethodRunner.java:50)<br/>org.testng.internal.invokers.TestInvoker$MethodInvocationAgent.invoke(TestInvoker.java:945)<br/>org.testng.internal.invokers.TestInvoker.invokeTestMethods(TestInvoker.java:193)<br/>org.testng.internal.invokers.TestMethodWorker.invokeTestMethods(TestMethodWorker.java:146)<br/>org.testng.internal.invokers.TestMethodWorker.run(TestMethodWorker.java:128)<br/>java.base/java.util.ArrayList.forEach(ArrayList.java:1541)<br/>org.testng.TestRunner.privateRun(TestRunner.java:808)<br/>org.testng.TestRunner.run(TestRunner.java:603)<br/>org.testng.SuiteRunner.runTest(SuiteRunner.java:429)<br/>org.testng.SuiteRunner.runSequentially(SuiteRunner.java:423)<br/>org.testng.SuiteRunner.privateRun(SuiteRunner.java:383)<br/>org.testng.SuiteRunner.run(SuiteRunner.java:326)<br/>org.testng.SuiteRunnerWorker.runSuite(SuiteRunnerWorker.java:52)<br/>org.testng.SuiteRunnerWorker.run(SuiteRunnerWorker.java:95)<br/>org.testng.TestNG.runSuitesSequentially(TestNG.java:1249)<br/>org.testng.TestNG.runSuitesLocal...</div></td><td align='center' style='border-style: solid; border-width: 1px; border-color: white; padding: 5px; color: white;'><a target='_blank' href='file://C:\Users\User\Documents\GitHub\project-qa\.\reports\1667330426691/65ff2f9d-cb7e-4bec-b898-3627e1c017bb/test.log' style='color: white;'>Logs</a><span> | </span><a target='_blank' href='file://C:\Users\User\Documents\GitHub\project-qa\.\reports\1667330426691/65ff2f9d-cb7e-4bec-b898-3627e1c017bb/report.html' style='color: white;'>Slides</a></td></tr><tr class='fail' style='background: #FF5C33;'><td align='center' style='border-style: solid; border-width: 1px; border-color: white; padding: 5px; color: white;'>FAILED</td><td style='border-style: solid; border-width: 1px; border-color: white; padding: 5px; color: white;'><span>Surefire test - testNegativeLogIn [L02]</span><div style="background:#ffcccc; color: black; padding: 5px; margin: 2px 0px 2px 0px;">expected [????????? ?? ????.] but found [???????? ?? ????.]<br/><br/>org.testng.Assert.fail(Assert.java:110)<br/>org.testng.Assert.failNotEquals(Assert.java:1413)<br/>org.testng.Assert.assertEqualsImpl(Assert.java:149)<br/>org.testng.Assert.assertEquals(Assert.java:131)<br/>org.testng.Assert.assertEquals(Assert.java:655)<br/>org.testng.Assert.assertEquals(Assert.java:665)<br/>com.solvd.carina.demo.my_test_cases.LogInTestCases.testNegativeLogIn(LogInTestCases.java:103)<br/>java.base/jdk.internal.reflect.NativeMethodAccessorImpl.invoke0(Native Method)<br/>java.base/jdk.internal.reflect.NativeMethodAccessorImpl.invoke(NativeMethodAccessorImpl.java:62)<br/>java.base/jdk.internal.reflect.DelegatingMethodAccessorImpl.invoke(DelegatingMethodAccessorImpl.java:43)<br/>java.base/java.lang.reflect.Method.invoke(Method.java:566)<br/>org.testng.internal.invokers.MethodInvocationHelper.invokeMethod(MethodInvocationHelper.java:135)<br/>org.testng.internal.invokers.TestInvoker.invokeMethod(TestInvoker.java:673)<br/>org.testng.internal.invokers.TestInvoker.invokeTestMethod(TestInvoker.java:220)<br/>org.testng.internal.invokers.MethodRunner.runInSequence(MethodRunner.java:50)<br/>org.testng.internal.invokers.TestInvoker$MethodInvocationAgent.invoke(TestInvoker.java:945)<br/>org.testng.internal.invokers.TestInvoker.invokeTestMethods(TestInvoker.java:193)<br/>org.testng.internal.invokers.TestMethodWorker.invokeTestMethods(TestMethodWorker.java:146)<br/>org.testng.internal.invokers.TestMethodWorker.run(TestMethodWorker.java:128)<br/>java.base/java.util.ArrayList.forEach(ArrayList.java:1541)<br/>org.testng.TestRunner.privateRun(TestRunner.java:808)<br/>org.testng.TestRunner.run(TestRunner.java:603)<br/>org.testng.SuiteRunner.runTest(SuiteRunner.java:429)<br/>org.testng.SuiteRunner.runSequentially(SuiteRunner.java:423)<br/>org.testng.SuiteRunner.privateRun(SuiteRunner.java:383)<br/>org.testng.SuiteRunner.run(SuiteRunner.java:326)<br/>org.testng.SuiteRunnerWorker.runSuite(SuiteRunnerWorker.java:52)<br/>org.testng.SuiteRunnerWorker.run(SuiteRunnerWorker.java:95)<br/>org.testng.TestNG.runSuitesSequentially(TestNG.java:1249)<br/>org.testng.TestNG.runSuitesLocal...</div></td><td align='center' style='border-style: solid; border-width: 1px; border-color: white; padding: 5px; color: white;'><a target='_blank' href='file://C:\Users\User\Documents\GitHub\project-qa\.\reports\1667330426691/73d1af33-5c66-4e26-b77c-434419df07e3/test.log' style='color: white;'>Logs</a><span> | </span><a target='_blank' href='file://C:\Users\User\Documents\GitHub\project-qa\.\reports\1667330426691/73d1af33-5c66-4e26-b77c-434419df07e3/report.html' style='color: white;'>Slides</a></td></tr><tr class='fail' style='background: #FF5C33;'><td align='center' style='border-style: solid; border-width: 1px; border-color: white; padding: 5px; color: white;'>FAILED</td><td style='border-style: solid; border-width: 1px; border-color: white; padding: 5px; color: white;'><span>Surefire test - testNegativeLogIn [L03]</span><div style="background:#ffcccc; color: black; padding: 5px; margin: 2px 0px 2px 0px;">expected [????????? ?? ????.] but found [???????? ?? ????.]<br/><br/>org.testng.Assert.fail(Assert.java:110)<br/>org.testng.Assert.failNotEquals(Assert.java:1413)<br/>org.testng.Assert.assertEqualsImpl(Assert.java:149)<br/>org.testng.Assert.assertEquals(Assert.java:131)<br/>org.testng.Assert.assertEquals(Assert.java:655)<br/>org.testng.Assert.assertEquals(Assert.java:665)<br/>com.solvd.carina.demo.my_test_cases.LogInTestCases.testNegativeLogIn(LogInTestCases.java:102)<br/>java.base/jdk.internal.reflect.NativeMethodAccessorImpl.invoke0(Native Method)<br/>java.base/jdk.internal.reflect.NativeMethodAccessorImpl.invoke(NativeMethodAccessorImpl.java:62)<br/>java.base/jdk.internal.reflect.DelegatingMethodAccessorImpl.invoke(DelegatingMethodAccessorImpl.java:43)<br/>java.base/java.lang.reflect.Method.invoke(Method.java:566)<br/>org.testng.internal.invokers.MethodInvocationHelper.invokeMethod(MethodInvocationHelper.java:135)<br/>org.testng.internal.invokers.TestInvoker.invokeMethod(TestInvoker.java:673)<br/>org.testng.internal.invokers.TestInvoker.invokeTestMethod(TestInvoker.java:220)<br/>org.testng.internal.invokers.MethodRunner.runInSequence(MethodRunner.java:50)<br/>org.testng.internal.invokers.TestInvoker$MethodInvocationAgent.invoke(TestInvoker.java:945)<br/>org.testng.internal.invokers.TestInvoker.invokeTestMethods(TestInvoker.java:193)<br/>org.testng.internal.invokers.TestMethodWorker.invokeTestMethods(TestMethodWorker.java:146)<br/>org.testng.internal.invokers.TestMethodWorker.run(TestMethodWorker.java:128)<br/>java.base/java.util.ArrayList.forEach(ArrayList.java:1541)<br/>org.testng.TestRunner.privateRun(TestRunner.java:808)<br/>org.testng.TestRunner.run(TestRunner.java:603)<br/>org.testng.SuiteRunner.runTest(SuiteRunner.java:429)<br/>org.testng.SuiteRunner.runSequentially(SuiteRunner.java:423)<br/>org.testng.SuiteRunner.privateRun(SuiteRunner.java:383)<br/>org.testng.SuiteRunner.run(SuiteRunner.java:326)<br/>org.testng.SuiteRunnerWorker.runSuite(SuiteRunnerWorker.java:52)<br/>org.testng.SuiteRunnerWorker.run(SuiteRunnerWorker.java:95)<br/>org.testng.TestNG.runSuitesSequentially(TestNG.java:1249)<br/>org.testng.TestNG.runSuitesLocal...</div></td><td align='center' style='border-style: solid; border-width: 1px; border-color: white; padding: 5px; color: white;'><a target='_blank' href='file://C:\Users\User\Documents\GitHub\project-qa\.\reports\1667330426691/2e15c9b4-d1bd-4503-884c-e5df67989371/test.log' style='color: white;'>Logs</a><span> | </span><a target='_blank' href='file://C:\Users\User\Documents\GitHub\project-qa\.\reports\1667330426691/2e15c9b4-d1bd-4503-884c-e5df67989371/report.html' style='color: white;'>Slides</a></td></tr><tr class='fail' style='background: #FF5C33;'><td align='center' style='border-style: solid; border-width: 1px; border-color: white; padding: 5px; color: white;'>FAILED</td><td style='border-style: solid; border-width: 1px; border-color: white; padding: 5px; color: white;'><span>Surefire test - testNegativeLogIn [L04]</span><div style="background:#ffcccc; color: black; padding: 5px; margin: 2px 0px 2px 0px;">expected [??????? ??????? ?????????? ?????? ????? ????? &quot;@&quot;. ?????????? ?????? &quot;incorrectEmail@&quot; ???????.] but found [?????? ??????? ?????????? ?????? ???? ????? &quot;@&quot;. ?????????? ?????? &quot;incorrectEmail@&quot; ???????.]<br/><br/>org.testng.Assert.fail(Assert.java:110)<br/>org.testng.Assert.failNotEquals(Assert.java:1413)<br/>org.testng.Assert.assertEqualsImpl(Assert.java:149)<br/>org.testng.Assert.assertEquals(Assert.java:131)<br/>org.testng.Assert.assertEquals(Assert.java:655)<br/>org.testng.Assert.assertEquals(Assert.java:665)<br/>com.solvd.carina.demo.my_test_cases.LogInTestCases.testNegativeLogIn(LogInTestCases.java:102)<br/>java.base/jdk.internal.reflect.NativeMethodAccessorImpl.invoke0(Native Method)<br/>java.base/jdk.internal.reflect.NativeMethodAccessorImpl.invoke(NativeMethodAccessorImpl.java:62)<br/>java.base/jdk.internal.reflect.DelegatingMethodAccessorImpl.invoke(DelegatingMethodAccessorImpl.java:43)<br/>java.base/java.lang.reflect.Method.invoke(Method.java:566)<br/>org.testng.internal.invokers.MethodInvocationHelper.invokeMethod(MethodInvocationHelper.java:135)<br/>org.testng.internal.invokers.TestInvoker.invokeMethod(TestInvoker.java:673)<br/>org.testng.internal.invokers.TestInvoker.invokeTestMethod(TestInvoker.java:220)<br/>org.testng.internal.invokers.MethodRunner.runInSequence(MethodRunner.java:50)<br/>org.testng.internal.invokers.TestInvoker$MethodInvocationAgent.invoke(TestInvoker.java:945)<br/>org.testng.internal.invokers.TestInvoker.invokeTestMethods(TestInvoker.java:193)<br/>org.testng.internal.invokers.TestMethodWorker.invokeTestMethods(TestMethodWorker.java:146)<br/>org.testng.internal.invokers.TestMethodWorker.run(TestMethodWorker.java:128)<br/>java.base/java.util.ArrayList.forEach(ArrayList.java:1541)<br/>org.testng.TestRunner.privateRun(TestRunner.java:808)<br/>org.testng.TestRunner.run(TestRunner.java:603)<br/>org.testng.SuiteRunner.runTest(SuiteRunner.java:429)<br/>org.testng.SuiteRunner.runSequentially(SuiteRunner.java:423)<br/>org.testng.SuiteRunner.privateRun(SuiteRunner.java:383)<br/>org.testng.SuiteRunner.run(SuiteRunner.java:326)<br/>org.testng.SuiteRunnerWorker.runSuite(SuiteRunnerWorker.java:5...</div></td><td align='center' style='border-style: solid; border-width: 1px; border-color: white; padding: 5px; color: white;'><a target='_blank' href='file://C:\Users\User\Documents\GitHub\project-qa\.\reports\1667330426691/1a1cb20f-3d60-4028-a2ab-acffd5981d7c/test.log' style='color: white;'>Logs</a><span> | </span><a target='_blank' href='file://C:\Users\User\Documents\GitHub\project-qa\.\reports\1667330426691/1a1cb20f-3d60-4028-a2ab-acffd5981d7c/report.html' style='color: white;'>Slides</a></td></tr><tr class='fail' style='background: #FF5C33;'><td align='center' style='border-style: solid; border-width: 1px; border-color: white; padding: 5px; color: white;'>FAILED</td><td style='border-style: solid; border-width: 1px; border-color: white; padding: 5px; color: white;'><span>Surefire test - testNegativeLogIn [L05]</span><div style="background:#ffcccc; color: black; padding: 5px; margin: 2px 0px 2px 0px;">expected [?????????? ?????? ?? ??????? ???? &quot;@&quot;. ? ??????????? ?????? &quot;correctEmailgmail.com&quot; ????? &quot;@&quot; ????.] but found [?????????? ?????? ?? ?????? ???? &quot;@&quot;. ? ?????????? ????? &quot;correctEmailgmail.com&quot; ????? &quot;@&quot; ????.]<br/><br/>org.testng.Assert.fail(Assert.java:110)<br/>org.testng.Assert.failNotEquals(Assert.java:1413)<br/>org.testng.Assert.assertEqualsImpl(Assert.java:149)<br/>org.testng.Assert.assertEquals(Assert.java:131)<br/>org.testng.Assert.assertEquals(Assert.java:655)<br/>org.testng.Assert.assertEquals(Assert.java:665)<br/>com.solvd.carina.demo.my_test_cases.LogInTestCases.testNegativeLogIn(LogInTestCases.java:102)<br/>java.base/jdk.internal.reflect.NativeMethodAccessorImpl.invoke0(Native Method)<br/>java.base/jdk.internal.reflect.NativeMethodAccessorImpl.invoke(NativeMethodAccessorImpl.java:62)<br/>java.base/jdk.internal.reflect.DelegatingMethodAccessorImpl.invoke(DelegatingMethodAccessorImpl.java:43)<br/>java.base/java.lang.reflect.Method.invoke(Method.java:566)<br/>org.testng.internal.invokers.MethodInvocationHelper.invokeMethod(MethodInvocationHelper.java:135)<br/>org.testng.internal.invokers.TestInvoker.invokeMethod(TestInvoker.java:673)<br/>org.testng.internal.invokers.TestInvoker.invokeTestMethod(TestInvoker.java:220)<br/>org.testng.internal.invokers.MethodRunner.runInSequence(MethodRunner.java:50)<br/>org.testng.internal.invokers.TestInvoker$MethodInvocationAgent.invoke(TestInvoker.java:945)<br/>org.testng.internal.invokers.TestInvoker.invokeTestMethods(TestInvoker.java:193)<br/>org.testng.internal.invokers.TestMethodWorker.invokeTestMethods(TestMethodWorker.java:146)<br/>org.testng.internal.invokers.TestMethodWorker.run(TestMethodWorker.java:128)<br/>java.base/java.util.ArrayList.forEach(ArrayList.java:1541)<br/>org.testng.TestRunner.privateRun(TestRunner.java:808)<br/>org.testng.TestRunner.run(TestRunner.java:603)<br/>org.testng.SuiteRunner.runTest(SuiteRunner.java:429)<br/>org.testng.SuiteRunner.runSequentially(SuiteRunner.java:423)<br/>org.testng.SuiteRunner.privateRun(SuiteRunner.java:383)<br/>org.testng.SuiteRunner.run(SuiteRunner.java:326)<br/>org.testng.SuiteRunnerWorker.runSuite(SuiteRunnerWorker...</div></td><td align='center' style='border-style: solid; border-width: 1px; border-color: white; padding: 5px; color: white;'><a target='_blank' href='file://C:\Users\User\Documents\GitHub\project-qa\.\reports\1667330426691/9add039b-ce56-4249-8b13-428f23db3c54/test.log' style='color: white;'>Logs</a><span> | </span><a target='_blank' href='file://C:\Users\User\Documents\GitHub\project-qa\.\reports\1667330426691/9add039b-ce56-4249-8b13-428f23db3c54/report.html' style='color: white;'>Slides</a></td></tr><tr class='fail' style='background: #FF5C33;'><td align='center' style='border-style: solid; border-width: 1px; border-color: white; padding: 5px; color: white;'>FAILED</td><td style='border-style: solid; border-width: 1px; border-color: white; padding: 5px; color: white;'><span>Surefire test - testNegativeLogIn [L06]</span><div style="background:#ffcccc; color: black; padding: 5px; margin: 2px 0px 2px 0px;">expected [???????? ????????? ??????.] but found [??????? ???????? ??????.]<br/><br/>org.testng.Assert.fail(Assert.java:110)<br/>org.testng.Assert.failNotEquals(Assert.java:1413)<br/>org.testng.Assert.assertEqualsImpl(Assert.java:149)<br/>org.testng.Assert.assertEquals(Assert.java:131)<br/>org.testng.Assert.assertEquals(Assert.java:655)<br/>org.testng.Assert.assertEquals(Assert.java:665)<br/>com.solvd.carina.demo.my_test_cases.LogInTestCases.testNegativeLogIn(LogInTestCases.java:103)<br/>java.base/jdk.internal.reflect.NativeMethodAccessorImpl.invoke0(Native Method)<br/>java.base/jdk.internal.reflect.NativeMethodAccessorImpl.invoke(NativeMethodAccessorImpl.java:62)<br/>java.base/jdk.internal.reflect.DelegatingMethodAccessorImpl.invoke(DelegatingMethodAccessorImpl.java:43)<br/>java.base/java.lang.reflect.Method.invoke(Method.java:566)<br/>org.testng.internal.invokers.MethodInvocationHelper.invokeMethod(MethodInvocationHelper.java:135)<br/>org.testng.internal.invokers.TestInvoker.invokeMethod(TestInvoker.java:673)<br/>org.testng.internal.invokers.TestInvoker.invokeTestMethod(TestInvoker.java:220)<br/>org.testng.internal.invokers.MethodRunner.runInSequence(MethodRunner.java:50)<br/>org.testng.internal.invokers.TestInvoker$MethodInvocationAgent.invoke(TestInvoker.java:945)<br/>org.testng.internal.invokers.TestInvoker.invokeTestMethods(TestInvoker.java:193)<br/>org.testng.internal.invokers.TestMethodWorker.invokeTestMethods(TestMethodWorker.java:146)<br/>org.testng.internal.invokers.TestMethodWorker.run(TestMethodWorker.java:128)<br/>java.base/java.util.ArrayList.forEach(ArrayList.java:1541)<br/>org.testng.TestRunner.privateRun(TestRunner.java:808)<br/>org.testng.TestRunner.run(TestRunner.java:603)<br/>org.testng.SuiteRunner.runTest(SuiteRunner.java:429)<br/>org.testng.SuiteRunner.runSequentially(SuiteRunner.java:423)<br/>org.testng.SuiteRunner.privateRun(SuiteRunner.java:383)<br/>org.testng.SuiteRunner.run(SuiteRunner.java:326)<br/>org.testng.SuiteRunnerWorker.runSuite(SuiteRunnerWorker.java:52)<br/>org.testng.SuiteRunnerWorker.run(SuiteRunnerWorker.java:95)<br/>org.testng.TestNG.runSuitesSequentially(TestNG.java:1249)<br/>org.testng.TestNG...</div></td><td align='center' style='border-style: solid; border-width: 1px; border-color: white; padding: 5px; color: white;'><a target='_blank' href='file://C:\Users\User\Documents\GitHub\project-qa\.\reports\1667330426691/63cf2e62-1bd4-4e84-a9fc-35b563ce383e/test.log' style='color: white;'>Logs</a><span> | </span><a target='_blank' href='file://C:\Users\User\Documents\GitHub\project-qa\.\reports\1667330426691/63cf2e62-1bd4-4e84-a9fc-35b563ce383e/report.html' style='color: white;'>Slides</a></td></tr><tr class='fail' style='background: #FF5C33;'><td align='center' style='border-style: solid; border-width: 1px; border-color: white; padding: 5px; color: white;'>FAILED</td><td style='border-style: solid; border-width: 1px; border-color: white; padding: 5px; color: white;'><span>Surefire test - testNegativeLogIn [L07]</span><div style="background:#ffcccc; color: black; padding: 5px; margin: 2px 0px 2px 0px;">expected [??????? ??????? ?????????? ?????? ?? ????? &quot;@&quot;. ?????????? ?????? &quot;@gmail.com&quot; ???????.] but found [?????? ??????? ?????????? ?????? ?? ????? &quot;@&quot;. ?????????? ?????? &quot;@gmail.com&quot; ???????.]<br/><br/>org.testng.Assert.fail(Assert.java:110)<br/>org.testng.Assert.failNotEquals(Assert.java:1413)<br/>org.testng.Assert.assertEqualsImpl(Assert.java:149)<br/>org.testng.Assert.assertEquals(Assert.java:131)<br/>org.testng.Assert.assertEquals(Assert.java:655)<br/>org.testng.Assert.assertEquals(Assert.java:665)<br/>com.solvd.carina.demo.my_test_cases.LogInTestCases.testNegativeLogIn(LogInTestCases.java:102)<br/>java.base/jdk.internal.reflect.NativeMethodAccessorImpl.invoke0(Native Method)<br/>java.base/jdk.internal.reflect.NativeMethodAccessorImpl.invoke(NativeMethodAccessorImpl.java:62)<br/>java.base/jdk.internal.reflect.DelegatingMethodAccessorImpl.invoke(DelegatingMethodAccessorImpl.java:43)<br/>java.base/java.lang.reflect.Method.invoke(Method.java:566)<br/>org.testng.internal.invokers.MethodInvocationHelper.invokeMethod(MethodInvocationHelper.java:135)<br/>org.testng.internal.invokers.TestInvoker.invokeMethod(TestInvoker.java:673)<br/>org.testng.internal.invokers.TestInvoker.invokeTestMethod(TestInvoker.java:220)<br/>org.testng.internal.invokers.MethodRunner.runInSequence(MethodRunner.java:50)<br/>org.testng.internal.invokers.TestInvoker$MethodInvocationAgent.invoke(TestInvoker.java:945)<br/>org.testng.internal.invokers.TestInvoker.invokeTestMethods(TestInvoker.java:193)<br/>org.testng.internal.invokers.TestMethodWorker.invokeTestMethods(TestMethodWorker.java:146)<br/>org.testng.internal.invokers.TestMethodWorker.run(TestMethodWorker.java:128)<br/>java.base/java.util.ArrayList.forEach(ArrayList.java:1541)<br/>org.testng.TestRunner.privateRun(TestRunner.java:808)<br/>org.testng.TestRunner.run(TestRunner.java:603)<br/>org.testng.SuiteRunner.runTest(SuiteRunner.java:429)<br/>org.testng.SuiteRunner.runSequentially(SuiteRunner.java:423)<br/>org.testng.SuiteRunner.privateRun(SuiteRunner.java:383)<br/>org.testng.SuiteRunner.run(SuiteRunner.java:326)<br/>org.testng.SuiteRunnerWorker.runSuite(SuiteRunnerWorker.java:52)<br/>org.testng.S...</div></td><td align='center' style='border-style: solid; border-width: 1px; border-color: white; padding: 5px; color: white;'><a target='_blank' href='file://C:\Users\User\Documents\GitHub\project-qa\.\reports\1667330426691/f5203287-fd73-4e6b-9d8c-91760a3dc294/test.log' style='color: white;'>Logs</a><span> | </span><a target='_blank' href='file://C:\Users\User\Documents\GitHub\project-qa\.\reports\1667330426691/f5203287-fd73-4e6b-9d8c-91760a3dc294/report.html' style='color: white;'>Slides</a></td></tr></table></div></div>