[2022-11-01 07:24:24] [1] [INFO] TEST [Surefire test - testNegativeLogIn [L05]] STARTED at [21:24:24 2022-11-01]
[2022-11-01 07:24:24] [1] [INFO] Starting driver session...
[2022-11-01 07:24:38] [1] [INFO] Driver session started.
[2022-11-01 07:24:38] [1] [INFO] INFO: opening url 'https://www.gsmarena.com'
[2022-11-01 07:24:40] [1] [INFO] INFO: url 'https://www.gsmarena.com' is opened.
[2022-11-01 07:25:14] [1] [INFO] PASS: element 'logInButton' is clicked.
[2022-11-01 07:25:16] [1] [INFO] PASS: keys cleared in element 'emailField'.
[2022-11-01 07:25:17] [1] [INFO] PASS: keys 'correctEmailgmail.com' are sent to element 'emailField'.
[2022-11-01 07:25:18] [1] [INFO] PASS: keys cleared in element 'passwordField'.
[2022-11-01 07:25:20] [1] [INFO] PASS: keys 'C0r3ktP4SS' are sent to element 'passwordField'.
[2022-11-01 07:25:21] [1] [INFO] PASS: element 'logInButton' is clicked.
[2022-11-01 07:25:26] [1] [ERROR] TEST [Surefire test - testNegativeLogIn [L05]] FAILED at [21:25:26 2022-11-01] - expected [Електронна адреса має м?стити знак "@". В електронн?й адрес? "correctEmailgmail.com" знака "@" немає.] but found [Електронна адреса має містити знак "@". В електронній адресі "correctEmailgmail.com" знака "@" немає.]

org.testng.Assert.fail(Assert.java:110)
org.testng.Assert.failNotEquals(Assert.java:1413)
org.testng.Assert.assertEqualsImpl(Assert.java:149)
org.testng.Assert.assertEquals(Assert.java:131)
org.testng.Assert.assertEquals(Assert.java:655)
org.testng.Assert.assertEquals(Assert.java:665)
com.solvd.carina.demo.my_test_cases.LogInTestCases.testNegativeLogIn(LogInTestCases.java:102)
java.base/jdk.internal.reflect.NativeMethodAccessorImpl.invoke0(Native Method)
java.base/jdk.internal.reflect.NativeMethodAccessorImpl.invoke(NativeMethodAccessorImpl.java:62)
java.base/jdk.internal.reflect.DelegatingMethodAccessorImpl.invoke(DelegatingMethodAccessorImpl.java:43)
java.base/java.lang.reflect.Method.invoke(Method.java:566)
org.testng.internal.invokers.MethodInvocationHelper.invokeMethod(MethodInvocationHelper.java:135)
org.testng.internal.invokers.TestInvoker.invokeMethod(TestInvoker.java:673)
org.testng.internal.invokers.TestInvoker.invokeTestMethod(TestInvoker.java:220)
org.testng.internal.invokers.MethodRunner.runInSequence(MethodRunner.java:50)
org.testng.internal.invokers.TestInvoker$MethodInvocationAgent.invoke(TestInvoker.java:945)
org.testng.internal.invokers.TestInvoker.invokeTestMethods(TestInvoker.java:193)
org.testng.internal.invokers.TestMethodWorker.invokeTestMethods(TestMethodWorker.java:146)
org.testng.internal.invokers.TestMethodWorker.run(TestMethodWorker.java:128)
java.base/java.util.ArrayList.forEach(ArrayList.java:1541)
org.testng.TestRunner.privateRun(TestRunner.java:808)
org.testng.TestRunner.run(TestRunner.java:603)
org.testng.SuiteRunner.runTest(SuiteRunner.java:429)
org.testng.SuiteRunner.runSequentially(SuiteRunner.java:423)
org.testng.SuiteRunner.privateRun(SuiteRunner.java:383)
org.testng.SuiteRunner.run(SuiteRunner.java:326)
org.testng.SuiteRunnerWorker.runSuite(SuiteRunnerWorker.java:52)
org.testng.SuiteRunnerWorker.run(SuiteRunnerWorker.java:95)
org.testng.TestNG.runSuitesSequentially(TestNG.java:1249)
org.testng.TestNG.runSuitesLocally(TestNG.java:1169)
org.testng.TestNG.runSuites(TestNG.java:1092)
org.testng.TestNG.run(TestNG.java:1060)
org.apache.maven.surefire.testng.TestNGExecutor.run(TestNGExecutor.java:151)
org.apache.maven.surefire.testng.TestNGDirectoryTestSuite.executeSingleClass(TestNGDirectoryTestSuite.java:111)
org.apache.maven.surefire.testng.TestNGDirectoryTestSuite.execute(TestNGDirectoryTestSuite.java:98)
org.apache.maven.surefire.testng.TestNGProvider.invoke(TestNGProvider.java:155)
org.apache.maven.surefire.booter.ForkedBooter.runSuitesInProcess(ForkedBooter.java:456)
org.apache.maven.surefire.booter.ForkedBooter.execute(ForkedBooter.java:169)
org.apache.maven.surefire.booter.ForkedBooter.run(ForkedBooter.java:595)
org.apache.maven.surefire.booter.ForkedBooter.main(ForkedBooter.java:581)
